Compiling build :dev to "resources/public/js/main.js" from ["src/cljs"]...
[32mSuccessfully compiled build :dev to "resources/public/js/main.js" in 0.438 seconds.[0m
notifying browser that file changed:  resources/public/js/goog/deps.js
notifying browser that file changed:  resources/public/js/cljs_deps.js
notifying browser that file changed:  resources/public/js/dimjump/core.js
Compiling build :dev to "resources/public/js/main.js" from ["src/cljs"]...
[32mSuccessfully compiled build :dev to "resources/public/js/main.js" in 0.357 seconds.[0m
notifying browser that file changed:  resources/public/js/dimjump/core.js
Compiling build :dev to "resources/public/js/main.js" from ["src/cljs"]...
[32mSuccessfully compiled build :dev to "resources/public/js/main.js" in 0.402 seconds.[0m
notifying browser that file changed:  resources/public/js/goog/deps.js
notifying browser that file changed:  resources/public/js/cljs_deps.js
notifying browser that file changed:  resources/public/js/dimjump/core.js
Compiling build :dev to "resources/public/js/main.js" from ["src/cljs"]...
[32mSuccessfully compiled build :dev to "resources/public/js/main.js" in 0.37 seconds.[0m
notifying browser that file changed:  resources/public/js/dimjump/core.js
Compiling build :dev to "resources/public/js/main.js" from ["src/cljs"]...
[32mSuccessfully compiled build :dev to "resources/public/js/main.js" in 0.364 seconds.[0m
notifying browser that file changed:  resources/public/js/dimjump/core.js
Compiling build :dev to "resources/public/js/main.js" from ["src/cljs"]...
[32mSuccessfully compiled build :dev to "resources/public/js/main.js" in 0.444 seconds.[0m
notifying browser that file changed:  resources/public/js/goog/deps.js
notifying browser that file changed:  resources/public/js/cljs_deps.js
notifying browser that file changed:  resources/public/js/dimjump/core.js
Compiling build :dev to "resources/public/js/main.js" from ["src/cljs"]...
[32mSuccessfully compiled build :dev to "resources/public/js/main.js" in 0.438 seconds.[0m
notifying browser that file changed:  resources/public/js/dimjump/core.js
Compiling build :dev to "resources/public/js/main.js" from ["src/cljs"]...
[36m----  Compiler Warning on   src/cljs/dimjump/core.cljs   line:6  column:10  ----[0m

  [1mNo such namespace: canvas, could not locate canvas.cljs, canvas.cljc, or JavaScript source providing "canvas"[0m

  [36m3[0m  [36m(def canvas (.getElementById js/document "game"))[0m
  [36m4[0m  [36m(def ctx (.getContext canvas "2d"))[0m
  [36m5[0m  [36m[0m
  [33m6[0m  [1m(println canvas/scrollWidth)[0m
  [0m [0m  [33m         ^--- No such namespace: canvas, could not locate canvas.cljs, canvas.cljc, or JavaScript source providing "canvas"[0m

[36m----  Compiler Warning : Please see src/cljs/dimjump/core.cljs  ----[0m
[36m----  Compiler Warning on   src/cljs/dimjump/core.cljs   line:6  column:10  ----[0m

  [1mUse of undeclared Var canvas/scrollWidth[0m

  [36m3[0m  [36m(def canvas (.getElementById js/document "game"))[0m
  [36m4[0m  [36m(def ctx (.getContext canvas "2d"))[0m
  [36m5[0m  [36m[0m
  [33m6[0m  [1m(println canvas/scrollWidth)[0m
  [0m [0m  [33m         ^--- Use of undeclared Var canvas/scrollWidth[0m

[36m----  Compiler Warning : Please see src/cljs/dimjump/core.cljs  ----[0m
[32mSuccessfully compiled build :dev to "resources/public/js/main.js" in 0.474 seconds.[0m
notifying browser that file changed:  resources/public/js/dimjump/core.js
Compiling build :dev to "resources/public/js/main.js" from ["src/cljs"]...
[32mSuccessfully compiled build :dev to "resources/public/js/main.js" in 0.349 seconds.[0m
notifying browser that file changed:  resources/public/js/dimjump/core.js
Compiling build :dev to "resources/public/js/main.js" from ["src/cljs"]...
[32mSuccessfully compiled build :dev to "resources/public/js/main.js" in 0.378 seconds.[0m
notifying browser that file changed:  resources/public/js/dimjump/core.js
Compiling build :dev to "resources/public/js/main.js" from ["src/cljs"]...
[31mFailed to compile build :dev from ["src/cljs"] in 0.231 seconds.[0m
[36m----  Could not Analyze  src/cljs/dimjump/core.cljs  ----[0m

  [1mNo such namespace: quil.core, could not locate quil/core.cljs, quil/core.cljc, or JavaScript source providing "quil.core" [0m

[36m----  Analysis Error : Please see src/cljs/dimjump/core.cljs  ----[0m
Compiling build :dev to "resources/public/js/main.js" from ["src/cljs"]...
[31mFailed to compile build :dev from ["src/cljs"] in 0.228 seconds.[0m
[36m----  Could not Analyze  src/cljs/dimjump/core.cljs  ----[0m

  [1mNo such namespace: quil.core, could not locate quil/core.cljs, quil/core.cljc, or JavaScript source providing "quil.core" [0m

[36m----  Analysis Error : Please see src/cljs/dimjump/core.cljs  ----[0m
Compiling build :dev to "resources/public/js/main.js" from ["src/cljs"]...
[32mSuccessfully compiled build :dev to "resources/public/js/main.js" in 0.869 seconds.[0m
notifying browser that file changed:  resources/public/js/goog/deps.js
notifying browser that file changed:  resources/public/js/cljs_deps.js
notifying browser that file changed:  resources/public/js/dimjump/core.js
Compiling build :dev to "resources/public/js/main.js" from ["src/cljs"]...
[32mSuccessfully compiled build :dev to "resources/public/js/main.js" in 0.425 seconds.[0m
notifying browser that file changed:  resources/public/js/dimjump/core.js
Compiling build :dev to "resources/public/js/main.js" from ["src/cljs"]...
[36m----  Compiler Warning on   src/cljs/dimjump/core.cljs   line:11  column:13  ----[0m

  [1mUse of undeclared Var dimjump.core/progress[0m

  [36m 7[0m  [36m:host "canvas"[0m
  [36m 8[0m  [36m:settings #(q/smooth 2)[0m
  [36m 9[0m  [36m:setup setup[0m
  [36m10[0m  [36m:draw draw[0m
  [33m11[0m  [1m:update progress[0m
  [0m  [0m  [33m        ^--- Use of undeclared Var dimjump.core/progress[0m
  [36m12[0m  [36m:middleware [m/fun-mode]))[0m

[36m----  Compiler Warning : Please see src/cljs/dimjump/core.cljs  ----[0m
[36m----  Compiler Warning on   src/cljs/dimjump/core.cljs   line:11  column:13  ----[0m

  [1mUse of undeclared Var dimjump.core/progress[0m

  [36m 7[0m  [36m:host "canvas"[0m
  [36m 8[0m  [36m:settings #(q/smooth 2)[0m
  [36m 9[0m  [36m:setup setup[0m
  [36m10[0m  [36m:draw draw[0m
  [33m11[0m  [1m:update progress[0m
  [0m  [0m  [33m        ^--- Use of undeclared Var dimjump.core/progress[0m
  [36m12[0m  [36m:middleware [m/fun-mode]))[0m

[36m----  Compiler Warning : Please see src/cljs/dimjump/core.cljs  ----[0m
[36m----  Compiler Warning on   src/cljs/dimjump/core.cljs   line:11  column:13  ----[0m

  [1mUse of undeclared Var dimjump.core/progress[0m

  [36m 7[0m  [36m:host "canvas"[0m
  [36m 8[0m  [36m:settings #(q/smooth 2)[0m
  [36m 9[0m  [36m:setup setup[0m
  [36m10[0m  [36m:draw draw[0m
  [33m11[0m  [1m:update progress[0m
  [0m  [0m  [33m        ^--- Use of undeclared Var dimjump.core/progress[0m
  [36m12[0m  [36m:middleware [m/fun-mode]))[0m

[36m----  Compiler Warning : Please see src/cljs/dimjump/core.cljs  ----[0m
[36m----  Compiler Warning on   src/cljs/dimjump/core.cljs   line:9  column:12  ----[0m

  [1mUse of undeclared Var dimjump.core/setup[0m

  [36m 5[0m  [36m(defn init [][0m
  [36m 6[0m  [36m  (q/defsketch dim-jump[0m
  [36m 7[0m  [36m    :host "canvas"[0m
  [36m 8[0m  [36m    :settings #(q/smooth 2)[0m
  [33m 9[0m  [1m    :setup setup[0m
  [0m  [0m  [33m           ^--- Use of undeclared Var dimjump.core/setup[0m
  [36m10[0m  [36m    :draw draw[0m
  [36m11[0m  [36m    :update progress[0m
  [36m12[0m  [36m    :middleware [m/fun-mode]))[0m

[36m----  Compiler Warning : Please see src/cljs/dimjump/core.cljs  ----[0m
[36m----  Compiler Warning on   src/cljs/dimjump/core.cljs   line:9  column:12  ----[0m

  [1mUse of undeclared Var dimjump.core/setup[0m

  [36m 5[0m  [36m(defn init [][0m
  [36m 6[0m  [36m  (q/defsketch dim-jump[0m
  [36m 7[0m  [36m    :host "canvas"[0m
  [36m 8[0m  [36m    :settings #(q/smooth 2)[0m
  [33m 9[0m  [1m    :setup setup[0m
  [0m  [0m  [33m           ^--- Use of undeclared Var dimjump.core/setup[0m
  [36m10[0m  [36m    :draw draw[0m
  [36m11[0m  [36m    :update progress[0m
  [36m12[0m  [36m    :middleware [m/fun-mode]))[0m

[36m----  Compiler Warning : Please see src/cljs/dimjump/core.cljs  ----[0m
[36m----  Compiler Warning on   src/cljs/dimjump/core.cljs   line:9  column:12  ----[0m

  [1mUse of undeclared Var dimjump.core/setup[0m

  [36m 5[0m  [36m(defn init [][0m
  [36m 6[0m  [36m  (q/defsketch dim-jump[0m
  [36m 7[0m  [36m    :host "canvas"[0m
  [36m 8[0m  [36m    :settings #(q/smooth 2)[0m
  [33m 9[0m  [1m    :setup setup[0m
  [0m  [0m  [33m           ^--- Use of undeclared Var dimjump.core/setup[0m
  [36m10[0m  [36m    :draw draw[0m
  [36m11[0m  [36m    :update progress[0m
  [36m12[0m  [36m    :middleware [m/fun-mode]))[0m

[36m----  Compiler Warning : Please see src/cljs/dimjump/core.cljs  ----[0m
[36m----  Compiler Warning on   src/cljs/dimjump/core.cljs   line:10  column:11  ----[0m

  [1mUse of undeclared Var dimjump.core/draw[0m

  [36m 6[0m  [36m(q/defsketch dim-jump[0m
  [36m 7[0m  [36m  :host "canvas"[0m
  [36m 8[0m  [36m  :settings #(q/smooth 2)[0m
  [36m 9[0m  [36m  :setup setup[0m
  [33m10[0m  [1m  :draw draw[0m
  [0m  [0m  [33m        ^--- Use of undeclared Var dimjump.core/draw[0m
  [36m11[0m  [36m  :update progress[0m
  [36m12[0m  [36m  :middleware [m/fun-mode]))[0m

[36m----  Compiler Warning : Please see src/cljs/dimjump/core.cljs  ----[0m
[36m----  Compiler Warning on   src/cljs/dimjump/core.cljs   line:10  column:11  ----[0m

  [1mUse of undeclared Var dimjump.core/draw[0m

  [36m 6[0m  [36m(q/defsketch dim-jump[0m
  [36m 7[0m  [36m  :host "canvas"[0m
  [36m 8[0m  [36m  :settings #(q/smooth 2)[0m
  [36m 9[0m  [36m  :setup setup[0m
  [33m10[0m  [1m  :draw draw[0m
  [0m  [0m  [33m        ^--- Use of undeclared Var dimjump.core/draw[0m
  [36m11[0m  [36m  :update progress[0m
  [36m12[0m  [36m  :middleware [m/fun-mode]))[0m

[36m----  Compiler Warning : Please see src/cljs/dimjump/core.cljs  ----[0m
[36m----  Compiler Warning on   src/cljs/dimjump/core.cljs   line:10  column:11  ----[0m

  [1mUse of undeclared Var dimjump.core/draw[0m

  [36m 6[0m  [36m(q/defsketch dim-jump[0m
  [36m 7[0m  [36m  :host "canvas"[0m
  [36m 8[0m  [36m  :settings #(q/smooth 2)[0m
  [36m 9[0m  [36m  :setup setup[0m
  [33m10[0m  [1m  :draw draw[0m
  [0m  [0m  [33m        ^--- Use of undeclared Var dimjump.core/draw[0m
  [36m11[0m  [36m  :update progress[0m
  [36m12[0m  [36m  :middleware [m/fun-mode]))[0m

[36m----  Compiler Warning : Please see src/cljs/dimjump/core.cljs  ----[0m
[32mSuccessfully compiled build :dev to "resources/public/js/main.js" in 0.531 seconds.[0m
notifying browser that file changed:  resources/public/js/dimjump/core.js
Compiling build :dev to "resources/public/js/main.js" from ["src/cljs"]...
[36m----  Compiler Warning on   src/cljs/dimjump/core.cljs   line:14  column:13  ----[0m

  [1mUse of undeclared Var dimjump.core/progress[0m

  [36m10[0m  [36m:host "canvas"[0m
  [36m11[0m  [36m:settings #(q/smooth 2)[0m
  [36m12[0m  [36m:setup setup[0m
  [36m13[0m  [36m:draw draw[0m
  [33m14[0m  [1m:update progress[0m
  [0m  [0m  [33m        ^--- Use of undeclared Var dimjump.core/progress[0m
  [36m15[0m  [36m:middleware [m/fun-mode]))[0m

[36m----  Compiler Warning : Please see src/cljs/dimjump/core.cljs  ----[0m
[36m----  Compiler Warning on   src/cljs/dimjump/core.cljs   line:14  column:13  ----[0m

  [1mUse of undeclared Var dimjump.core/progress[0m

  [36m10[0m  [36m:host "canvas"[0m
  [36m11[0m  [36m:settings #(q/smooth 2)[0m
  [36m12[0m  [36m:setup setup[0m
  [36m13[0m  [36m:draw draw[0m
  [33m14[0m  [1m:update progress[0m
  [0m  [0m  [33m        ^--- Use of undeclared Var dimjump.core/progress[0m
  [36m15[0m  [36m:middleware [m/fun-mode]))[0m

[36m----  Compiler Warning : Please see src/cljs/dimjump/core.cljs  ----[0m
[36m----  Compiler Warning on   src/cljs/dimjump/core.cljs   line:14  column:13  ----[0m

  [1mUse of undeclared Var dimjump.core/progress[0m

  [36m10[0m  [36m:host "canvas"[0m
  [36m11[0m  [36m:settings #(q/smooth 2)[0m
  [36m12[0m  [36m:setup setup[0m
  [36m13[0m  [36m:draw draw[0m
  [33m14[0m  [1m:update progress[0m
  [0m  [0m  [33m        ^--- Use of undeclared Var dimjump.core/progress[0m
  [36m15[0m  [36m:middleware [m/fun-mode]))[0m

[36m----  Compiler Warning : Please see src/cljs/dimjump/core.cljs  ----[0m
[36m----  Compiler Warning on   src/cljs/dimjump/core.cljs   line:13  column:11  ----[0m

  [1mUse of undeclared Var dimjump.core/draw[0m

  [36m 9[0m  [36m(q/defsketch dim-jump[0m
  [36m10[0m  [36m  :host "canvas"[0m
  [36m11[0m  [36m  :settings #(q/smooth 2)[0m
  [36m12[0m  [36m  :setup setup[0m
  [33m13[0m  [1m  :draw draw[0m
  [0m  [0m  [33m        ^--- Use of undeclared Var dimjump.core/draw[0m
  [36m14[0m  [36m  :update progress[0m
  [36m15[0m  [36m  :middleware [m/fun-mode]))[0m

[36m----  Compiler Warning : Please see src/cljs/dimjump/core.cljs  ----[0m
[36m----  Compiler Warning on   src/cljs/dimjump/core.cljs   line:13  column:11  ----[0m

  [1mUse of undeclared Var dimjump.core/draw[0m

  [36m 9[0m  [36m(q/defsketch dim-jump[0m
  [36m10[0m  [36m  :host "canvas"[0m
  [36m11[0m  [36m  :settings #(q/smooth 2)[0m
  [36m12[0m  [36m  :setup setup[0m
  [33m13[0m  [1m  :draw draw[0m
  [0m  [0m  [33m        ^--- Use of undeclared Var dimjump.core/draw[0m
  [36m14[0m  [36m  :update progress[0m
  [36m15[0m  [36m  :middleware [m/fun-mode]))[0m

[36m----  Compiler Warning : Please see src/cljs/dimjump/core.cljs  ----[0m
[36m----  Compiler Warning on   src/cljs/dimjump/core.cljs   line:13  column:11  ----[0m

  [1mUse of undeclared Var dimjump.core/draw[0m

  [36m 9[0m  [36m(q/defsketch dim-jump[0m
  [36m10[0m  [36m  :host "canvas"[0m
  [36m11[0m  [36m  :settings #(q/smooth 2)[0m
  [36m12[0m  [36m  :setup setup[0m
  [33m13[0m  [1m  :draw draw[0m
  [0m  [0m  [33m        ^--- Use of undeclared Var dimjump.core/draw[0m
  [36m14[0m  [36m  :update progress[0m
  [36m15[0m  [36m  :middleware [m/fun-mode]))[0m

[36m----  Compiler Warning : Please see src/cljs/dimjump/core.cljs  ----[0m
[32mSuccessfully compiled build :dev to "resources/public/js/main.js" in 0.485 seconds.[0m
notifying browser that file changed:  resources/public/js/dimjump/core.js
Compiling build :dev to "resources/public/js/main.js" from ["src/cljs"]...
[36m----  Compiler Warning on   src/cljs/dimjump/core.cljs   line:17  column:13  ----[0m

  [1mUse of undeclared Var dimjump.core/progress[0m

  [36m13[0m  [36m:host "canvas"[0m
  [36m14[0m  [36m:settings #(q/smooth 2)[0m
  [36m15[0m  [36m:setup setup[0m
  [36m16[0m  [36m:draw draw[0m
  [33m17[0m  [1m:update progress[0m
  [0m  [0m  [33m        ^--- Use of undeclared Var dimjump.core/progress[0m
  [36m18[0m  [36m:middleware [m/fun-mode]))[0m

[36m----  Compiler Warning : Please see src/cljs/dimjump/core.cljs  ----[0m
[36m----  Compiler Warning on   src/cljs/dimjump/core.cljs   line:17  column:13  ----[0m

  [1mUse of undeclared Var dimjump.core/progress[0m

  [36m13[0m  [36m:host "canvas"[0m
  [36m14[0m  [36m:settings #(q/smooth 2)[0m
  [36m15[0m  [36m:setup setup[0m
  [36m16[0m  [36m:draw draw[0m
  [33m17[0m  [1m:update progress[0m
  [0m  [0m  [33m        ^--- Use of undeclared Var dimjump.core/progress[0m
  [36m18[0m  [36m:middleware [m/fun-mode]))[0m

[36m----  Compiler Warning : Please see src/cljs/dimjump/core.cljs  ----[0m
[36m----  Compiler Warning on   src/cljs/dimjump/core.cljs   line:17  column:13  ----[0m

  [1mUse of undeclared Var dimjump.core/progress[0m

  [36m13[0m  [36m:host "canvas"[0m
  [36m14[0m  [36m:settings #(q/smooth 2)[0m
  [36m15[0m  [36m:setup setup[0m
  [36m16[0m  [36m:draw draw[0m
  [33m17[0m  [1m:update progress[0m
  [0m  [0m  [33m        ^--- Use of undeclared Var dimjump.core/progress[0m
  [36m18[0m  [36m:middleware [m/fun-mode]))[0m

[36m----  Compiler Warning : Please see src/cljs/dimjump/core.cljs  ----[0m
[32mSuccessfully compiled build :dev to "resources/public/js/main.js" in 0.465 seconds.[0m
notifying browser that file changed:  resources/public/js/dimjump/core.js
Compiling build :dev to "resources/public/js/main.js" from ["src/cljs"]...
[32mSuccessfully compiled build :dev to "resources/public/js/main.js" in 0.376 seconds.[0m
notifying browser that file changed:  resources/public/js/dimjump/core.js
Compiling build :dev to "resources/public/js/main.js" from ["src/cljs"]...
[32mSuccessfully compiled build :dev to "resources/public/js/main.js" in 0.436 seconds.[0m
notifying browser that file changed:  resources/public/js/dimjump/core.js
Compiling build :dev to "resources/public/js/main.js" from ["src/cljs"]...
[32mSuccessfully compiled build :dev to "resources/public/js/main.js" in 0.376 seconds.[0m
notifying browser that file changed:  resources/public/js/dimjump/core.js
Compiling build :dev to "resources/public/js/main.js" from ["src/cljs"]...
[32mSuccessfully compiled build :dev to "resources/public/js/main.js" in 0.405 seconds.[0m
notifying browser that file changed:  resources/public/js/dimjump/core.js
Compiling build :dev to "resources/public/js/main.js" from ["src/cljs"]...
[32mSuccessfully compiled build :dev to "resources/public/js/main.js" in 0.387 seconds.[0m
notifying browser that file changed:  resources/public/js/dimjump/core.js
Compiling build :dev to "resources/public/js/main.js" from ["src/cljs"]...
[32mSuccessfully compiled build :dev to "resources/public/js/main.js" in 0.37 seconds.[0m
notifying browser that file changed:  resources/public/js/dimjump/core.js
Compiling build :dev to "resources/public/js/main.js" from ["src/cljs"]...
[32mSuccessfully compiled build :dev to "resources/public/js/main.js" in 0.423 seconds.[0m
notifying browser that file changed:  resources/public/js/dimjump/core.js
Compiling build :dev to "resources/public/js/main.js" from ["src/cljs"]...
[32mSuccessfully compiled build :dev to "resources/public/js/main.js" in 0.386 seconds.[0m
notifying browser that file changed:  resources/public/js/dimjump/core.js
Compiling build :dev to "resources/public/js/main.js" from ["src/cljs"]...
[32mSuccessfully compiled build :dev to "resources/public/js/main.js" in 0.392 seconds.[0m
notifying browser that file changed:  resources/public/js/dimjump/core.js
Compiling build :dev to "resources/public/js/main.js" from ["src/cljs"]...
[32mSuccessfully compiled build :dev to "resources/public/js/main.js" in 0.811 seconds.[0m
notifying browser that file changed:  resources/public/js/goog/deps.js
notifying browser that file changed:  resources/public/js/cljs_deps.js
notifying browser that file changed:  resources/public/js/dimjump/core.js
Compiling build :dev to "resources/public/js/main.js" from ["src/cljs"]...
[32mSuccessfully compiled build :dev to "resources/public/js/main.js" in 0.413 seconds.[0m
notifying browser that file changed:  resources/public/js/dimjump/core.js
Compiling build :dev to "resources/public/js/main.js" from ["src/cljs"]...
[32mSuccessfully compiled build :dev to "resources/public/js/main.js" in 0.453 seconds.[0m
notifying browser that file changed:  resources/public/js/dimjump/core.js
Compiling build :dev to "resources/public/js/main.js" from ["src/cljs"]...
[32mSuccessfully compiled build :dev to "resources/public/js/main.js" in 0.396 seconds.[0m
notifying browser that file changed:  resources/public/js/dimjump/core.js
Compiling build :dev to "resources/public/js/main.js" from ["src/cljs"]...
[32mSuccessfully compiled build :dev to "resources/public/js/main.js" in 0.991 seconds.[0m
notifying browser that file changed:  resources/public/js/goog/deps.js
notifying browser that file changed:  resources/public/js/cljs_deps.js
notifying browser that file changed:  resources/public/js/dimjump/core.js
Compiling build :dev to "resources/public/js/main.js" from ["src/cljs"]...
[32mSuccessfully compiled build :dev to "resources/public/js/main.js" in 0.465 seconds.[0m
notifying browser that file changed:  resources/public/js/dimjump/core.js
